\BOOKMARK [0][]{chapter*.1}{\376\377\144\130\211\201}{}% 1
\BOOKMARK [0][]{chapter*.1}{\376\377\000A\000B\000S\000T\000R\000A\000C\000T\377\010\202\361\145\207\144\130\211\201\377\011}{}% 2
\BOOKMARK [0][]{chapter.1}{\376\377\173\054\116\000\172\340\000\040\000\040\137\025\212\000}{}% 3
\BOOKMARK [1][]{section.1.1}{\376\377\0001\000.\0001\000\040\170\024\172\166\200\314\146\157}{chapter.1}% 4
\BOOKMARK [1][]{section.1.2}{\376\377\0001\000.\0002\000\040\170\024\172\166\150\106\147\266}{chapter.1}% 5
\BOOKMARK [1][]{section.1.3}{\376\377\0001\000.\0003\000\040\122\033\145\260\160\271}{chapter.1}% 6
\BOOKMARK [0][]{chapter.2}{\376\377\173\054\116\214\172\340\000\040\000\040\145\160\143\156\116\016\145\271\154\325\151\202\217\360}{}% 7
\BOOKMARK [1][]{section.2.1}{\376\377\0002\000.\0001\000\040\145\160\143\156\147\145\156\220\116\016\123\330\221\317\213\364\146\016}{chapter.2}% 8
\BOOKMARK [1][]{section.2.2}{\376\377\0002\000.\0002\000\040\145\160\143\156\230\204\131\004\164\006}{chapter.2}% 9
\BOOKMARK [1][]{section.2.3}{\376\377\0002\000.\0003\000\040\176\337\213\241\143\250\145\255\116\016\176\323\147\204\123\321\163\260}{chapter.2}% 10
\BOOKMARK [0][]{chapter.3}{\376\377\173\054\116\011\172\340\000\040\000\040\162\171\137\201\135\345\172\013\116\016\166\321\167\143\133\146\116\140\133\236\232\214\213\276\213\241}{}% 11
\BOOKMARK [1][]{section.3.1}{\376\377\0003\000.\0001\000\040\000A\000/\000B\000\040\162\171\137\201\135\345\172\013\377\032\000F\000u\000l\000l\000-\0008\000D\000\040\000v\000s\000\040\000P\000C\000A\000-\0002\000D}{chapter.3}% 12
\BOOKMARK [1][]{section.3.2}{\376\377\0003\000.\0002\000\040\166\321\167\143\133\146\116\140\133\236\232\214\213\276\213\241}{chapter.3}% 13
\BOOKMARK [0][]{chapter.4}{\376\377\173\054\126\333\172\340\000\040\000\040\166\321\167\143\133\146\116\140\152\041\127\213\213\255\176\303\116\016\213\304\117\060}{}% 14
\BOOKMARK [0][]{chapter.5}{\376\377\173\054\116\224\172\340\000\040\000\040\157\134\123\330\221\317\136\372\152\041\122\006\147\220}{}% 15
\BOOKMARK [0][]{chapter.6}{\376\377\173\054\121\155\172\340\000\040\000\040\152\041\127\213\123\026\200\132\174\173\116\016\145\340\166\321\167\143\232\214\213\301}{}% 16
\BOOKMARK [0][]{chapter.7}{\376\377\173\054\116\003\172\340\000\040\000\040\140\073\176\323\116\016\134\125\147\033}{}% 17
\BOOKMARK [0][]{section*.19}{\376\377\123\302\200\003\145\207\163\056}{}% 18
\BOOKMARK [0][]{chapter*.20}{\376\377\142\020\124\130\122\006\135\345\116\016\215\041\163\056}{}% 19
\BOOKMARK [0][]{appendix.A}{\376\377\226\104\137\125\000\040\000A\000\040\000\040\226\104\137\125\150\007\230\230}{}% 20
\BOOKMARK [1][]{section.A.1}{\376\377\000A\000.\0001\000\040\226\104\137\125\116\055\166\204\126\376\137\142\060\001\210\150\150\074\060\001\121\154\137\017}{appendix.A}% 21
\BOOKMARK [1][]{section.A.2}{\376\377\000A\000.\0002\000\040\000R\116\343\170\001}{appendix.A}% 22
\BOOKMARK [1][]{section.A.3}{\376\377\000A\000.\0003\000\040\000P\000y\000t\000h\000o\000n\116\343\170\001}{appendix.A}% 23
